<?xml version="1.0" encoding="UTF-8"?>
<testng-results ignored="0" total="1" passed="0" failed="1" skipped="0">
  <reporter-output>
  </reporter-output>
  <suite started-at="2020-12-14T02:54:45 EET" name="Default suite" finished-at="2020-12-14T03:01:34 EET" duration-ms="408732">
    <groups>
    </groups>
    <test started-at="2020-12-14T02:54:45 EET" name="Default test" finished-at="2020-12-14T03:01:34 EET" duration-ms="408732">
      <class name="test_cases.Test_cases_consistency_check">
        <test-method is-config="true" signature="start_driver()[pri:0, instance:test_cases.Test_cases_consistency_check@6b8ca3c8]" started-at="2020-12-14T02:54:45 EET" name="start_driver" finished-at="2020-12-14T02:54:45 EET" duration-ms="27" status="PASS">
          <reporter-output>
          </reporter-output>
        </test-method> <!-- start_driver -->
        <test-method signature="validate_early_late_departure_arrival()[pri:1, instance:test_cases.Test_cases_consistency_check@6b8ca3c8]" started-at="2020-12-14T02:54:45 EET" name="validate_early_late_departure_arrival" finished-at="2020-12-14T03:01:34 EET" duration-ms="408630" status="FAIL">
          <exception class="java.lang.IllegalStateException">
            <message>
              <![CDATA[cannot open system clipboard]]>
            </message>
            <full-stacktrace>
              <![CDATA[java.lang.IllegalStateException: cannot open system clipboard
at java.desktop/sun.awt.windows.WClipboard.openClipboard(Native Method)
at java.desktop/sun.awt.datatransfer.SunClipboard.getData(SunClipboard.java:208)
at framework.Library_MQTT.copying_flight_number_adding_to_list(Library_MQTT.java:337)
at test_cases.Test_cases_consistency_check.validate_early_late_departure_arrival(Test_cases_consistency_check.java:44)
at java.base/jdk.internal.reflect.NativeMethodAccessorImpl.invoke0(Native Method)
at java.base/jdk.internal.reflect.NativeMethodAccessorImpl.invoke(NativeMethodAccessorImpl.java:62)
at java.base/jdk.internal.reflect.DelegatingMethodAccessorImpl.invoke(DelegatingMethodAccessorImpl.java:43)
at java.base/java.lang.reflect.Method.invoke(Method.java:564)
at org.testng.internal.MethodInvocationHelper.invokeMethod(MethodInvocationHelper.java:132)
at org.testng.internal.TestInvoker.invokeMethod(TestInvoker.java:599)
at org.testng.internal.TestInvoker.invokeTestMethod(TestInvoker.java:174)
at org.testng.internal.MethodRunner.runInSequence(MethodRunner.java:46)
at org.testng.internal.TestInvoker$MethodInvocationAgent.invoke(TestInvoker.java:822)
at org.testng.internal.TestInvoker.invokeTestMethods(TestInvoker.java:147)
at org.testng.internal.TestMethodWorker.invokeTestMethods(TestMethodWorker.java:146)
at org.testng.internal.TestMethodWorker.run(TestMethodWorker.java:128)
at java.base/java.util.ArrayList.forEach(ArrayList.java:1511)
at org.testng.TestRunner.privateRun(TestRunner.java:764)
at org.testng.TestRunner.run(TestRunner.java:585)
at org.testng.SuiteRunner.runTest(SuiteRunner.java:384)
at org.testng.SuiteRunner.runSequentially(SuiteRunner.java:378)
at org.testng.SuiteRunner.privateRun(SuiteRunner.java:337)
at org.testng.SuiteRunner.run(SuiteRunner.java:286)
at org.testng.SuiteRunnerWorker.runSuite(SuiteRunnerWorker.java:53)
at org.testng.SuiteRunnerWorker.run(SuiteRunnerWorker.java:96)
at org.testng.TestNG.runSuitesSequentially(TestNG.java:1218)
at org.testng.TestNG.runSuitesLocally(TestNG.java:1140)
at org.testng.TestNG.runSuites(TestNG.java:1069)
at org.testng.TestNG.run(TestNG.java:1037)
at org.testng.remote.AbstractRemoteTestNG.run(AbstractRemoteTestNG.java:115)
at org.testng.remote.RemoteTestNG.initAndRun(RemoteTestNG.java:251)
at org.testng.remote.RemoteTestNG.main(RemoteTestNG.java:77)
]]>
            </full-stacktrace>
          </exception> <!-- java.lang.IllegalStateException -->
          <reporter-output>
          </reporter-output>
        </test-method> <!-- validate_early_late_departure_arrival -->
      </class> <!-- test_cases.Test_cases_consistency_check -->
    </test> <!-- Default test -->
  </suite> <!-- Default suite -->
</testng-results>
